# JRE version: Java(TM) SE Runtime Environment (18.0.1.1+2) (build 18.0.1.1+2-6)
# Java VM: Java HotSpot(TM) 64-Bit Server VM (18.0.1.1+2-6, mixed mode, sharing, tiered, compressed oops, compressed class ptrs, g1 gc, windows-amd64)
GC Precious Log:
 CardTable entry size: 512
 Card Set container configuration: InlinePtr #cards 5 size 8 Array Of Cards #cards 12 size 40 Howl #buckets 4 coarsen threshold 1843 Howl Bitmap #cards 512 size 80 coarsen threshold 460 Card regions per heap region 1 cards per card region 2048
 CPUs: 4 total, 4 available
 Memory: 3991M
 Large Page Support: Disabled
 NUMA Support: Disabled
 Compressed Oops: Enabled (32-bit)
 Heap Region Size: 1M
 Heap Min Capacity: 8M
 Heap Initial Capacity: 64M
 Heap Max Capacity: 998M
 Pre-touch: Disabled
 Parallel Workers: 4
 Concurrent Workers: 1
 Concurrent Refinement Workers: 4
 Periodic GC: Disabled
Heap:
 garbage-first heap   total 65536K, used 13624K [0x00000000c1a00000, 0x0000000100000000)
  region size 1024K, 11 young (11264K), 2 survivors (2048K)
 Metaspace       used 10909K, committed 11136K, reserved 1114112K
  class space    used 1300K, committed 1408K, reserved 1048576K
GC Heap History (6 events):
Event: 16.344 GC heap before
{Heap before GC invocations=0 (full 0):
 garbage-first heap   total 65536K, used 12288K [0x00000000c1a00000, 0x0000000100000000)
  region size 1024K, 13 young (13312K), 0 survivors (0K)
 Metaspace       used 3947K, committed 4160K, reserved 1114112K
  class space    used 402K, committed 512K, reserved 1048576K
}
Event: 16.363 GC heap after
{Heap after GC invocations=1 (full 0):
 garbage-first heap   total 65536K, used 3475K [0x00000000c1a00000, 0x0000000100000000)
  region size 1024K, 2 young (2048K), 2 survivors (2048K)
 Metaspace       used 3947K, committed 4160K, reserved 1114112K
  class space    used 402K, committed 512K, reserved 1048576K
}
Event: 18.437 GC heap before
{Heap before GC invocations=1 (full 0):
 garbage-first heap   total 65536K, used 15763K [0x00000000c1a00000, 0x0000000100000000)
  region size 1024K, 14 young (14336K), 2 survivors (2048K)
 Metaspace       used 5528K, committed 5760K, reserved 1114112K
  class space    used 628K, committed 768K, reserved 1048576K
}
Event: 18.451 GC heap after
{Heap after GC invocations=2 (full 0):
 garbage-first heap   total 65536K, used 4141K [0x00000000c1a00000, 0x0000000100000000)
  region size 1024K, 1 young (1024K), 1 survivors (1024K)
 Metaspace       used 5528K, committed 5760K, reserved 1114112K
  class space    used 628K, committed 768K, reserved 1048576K
}
Event: 21.097 GC heap before
{Heap before GC invocations=2 (full 0):
 garbage-first heap   total 65536K, used 29741K [0x00000000c1a00000, 0x0000000100000000)
  region size 1024K, 26 young (26624K), 1 survivors (1024K)
 Metaspace       used 9632K, committed 9856K, reserved 1114112K
  class space    used 1136K, committed 1216K, reserved 1048576K
}
Event: 21.109 GC heap after
{Heap after GC invocations=3 (full 0):
 garbage-first heap   total 65536K, used 5432K [0x00000000c1a00000, 0x0000000100000000)
  region size 1024K, 2 young (2048K), 2 survivors (2048K)
 Metaspace       used 9632K, committed 9856K, reserved 1114112K
  class space    used 1136K, committed 1216K, reserved 1048576K
}

